0 info it worked if it ends with ok
1 verbose cli [ '/home/vagrant/.nvm/versions/node/v5.10.1/bin/node',
1 verbose cli   '/home/vagrant/.nvm/versions/node/v5.10.1/bin/npm',
1 verbose cli   'start',
1 verbose cli   'index.js' ]
2 info using npm@3.8.7
3 info using node@v5.10.1
4 verbose run-script [ 'prestart', 'start', 'poststart' ]
5 info lifecycle tweeter@1.0.0~prestart: tweeter@1.0.0
6 silly lifecycle tweeter@1.0.0~prestart: no script for prestart, continuing
7 info lifecycle tweeter@1.0.0~start: tweeter@1.0.0
8 verbose lifecycle tweeter@1.0.0~start: unsafe-perm in lifecycle true
9 verbose lifecycle tweeter@1.0.0~start: PATH: /home/vagrant/.nvm/versions/node/v5.10.1/lib/node_modules/npm/bin/node-gyp-bin:/vagrant/tweeter/node_modules/.bin:/home/vagrant/.nvm/versions/node/v5.10.1/bin:/usr/local/heroku/bin:/home/vagrant/.nvm/versions/node/v5.10.1/bin:/usr/local/rvm/gems/ruby-2.3.0/bin:/usr/local/rvm/gems/ruby-2.3.0@global/bin:/usr/local/rvm/rubies/ruby-2.3.0/bin:/usr/local/sbin:/usr/local/bin:/usr/sbin:/usr/bin:/sbin:/bin:/usr/games:/usr/local/rvm/bin:/opt/vagrant_ruby/bin
10 verbose lifecycle tweeter@1.0.0~start: CWD: /vagrant/tweeter
11 silly lifecycle tweeter@1.0.0~start: Args: [ '-c', 'node server/index.js "index.js"' ]
12 silly lifecycle tweeter@1.0.0~start: Returned: code: 1  signal: null
13 info lifecycle tweeter@1.0.0~start: Failed to exec start script
14 verbose stack Error: tweeter@1.0.0 start: `node server/index.js "index.js"`
14 verbose stack Exit status 1
14 verbose stack     at EventEmitter.<anonymous> (/home/vagrant/.nvm/versions/node/v5.10.1/lib/node_modules/npm/lib/utils/lifecycle.js:244:16)
14 verbose stack     at emitTwo (events.js:100:13)
14 verbose stack     at EventEmitter.emit (events.js:185:7)
14 verbose stack     at ChildProcess.<anonymous> (/home/vagrant/.nvm/versions/node/v5.10.1/lib/node_modules/npm/lib/utils/spawn.js:24:14)
14 verbose stack     at emitTwo (events.js:100:13)
14 verbose stack     at ChildProcess.emit (events.js:185:7)
14 verbose stack     at maybeClose (internal/child_process.js:850:16)
14 verbose stack     at Process.ChildProcess._handle.onexit (internal/child_process.js:215:5)
15 verbose pkgid tweeter@1.0.0
16 verbose cwd /vagrant/tweeter/server
17 error Linux 3.2.0-101-generic-pae
18 error argv "/home/vagrant/.nvm/versions/node/v5.10.1/bin/node" "/home/vagrant/.nvm/versions/node/v5.10.1/bin/npm" "start" "index.js"
19 error node v5.10.1
20 error npm  v3.8.7
21 error code ELIFECYCLE
22 error tweeter@1.0.0 start: `node server/index.js "index.js"`
22 error Exit status 1
23 error Failed at the tweeter@1.0.0 start script 'node server/index.js "index.js"'.
23 error Make sure you have the latest version of node.js and npm installed.
23 error If you do, this is most likely a problem with the tweeter package,
23 error not with npm itself.
23 error Tell the author that this fails on your system:
23 error     node server/index.js "index.js"
23 error You can get information on how to open an issue for this project with:
23 error     npm bugs tweeter
23 error Or if that isn't available, you can get their info via:
23 error     npm owner ls tweeter
23 error There is likely additional logging output above.
24 verbose exit [ 1, true ]
